2022-09-18 18:49:36 - MOD: Modification Default

FILE: system/engine/action.php
REGEX: ~(require|include)(_once)?\(([^)]+)~
LINE: 69

FILE: system/engine/loader.php
REGEX: ~(require|include)(_once)?\(([^)]+)~
LINE: 77
LINE: 151
LINE: 168

FILE: system/library/config.php
REGEX: ~(require|include)(_once)?\(([^)]+)~
LINE: 59

FILE: system/library/language.php
REGEX: ~(require|include)(_once)?\(([^)]+)~
LINE: 67
LINE: 73

FILE: system/library/template/template.php
REGEX: ~(require|include)(_once)?\(([^)]+)~
LINE: 18

FILE: system/library/template/twig.php
CODE: $loader = new \Twig_Loader_Filesystem(DIR_TEMPLATE);
LINE: 19
----------------------------------------------------------------
MOD: JETIMPEX Ajax add to cart 

FILE: catalog/controller/extension/module/special.php
CODE: public function index($setting) {
LINE: 5
CODE: return $this->load->view('extension/module/
LINE: 71

FILE: catalog/controller/extension/module/bestseller.php
CODE: public function index($setting) {
LINE: 5
CODE: return $this->load->view('extension/module/
LINE: 64

FILE: catalog/controller/extension/module/latest.php
CODE: public function index($setting) {
LINE: 5
CODE: return $this->load->view('extension/module/
LINE: 71

FILE: catalog/controller/extension/module/featured.php
CODE: public function index($setting) {
LINE: 5
CODE: return $this->load->view('extension/module/
LINE: 74
CODE: $data['products'][] = array(
LINE: 87
CODE: 'href'        => $this->url->link('product/product', 'product_id=' . $product_info['product_id'])
LINE: 100
CODE: $data['products'][] = array(
LINE: 87
CODE: $data['products'][] = array(
LINE: 80
CODE: $data['products'][] = array(
LINE: 87

FILE: catalog/controller/product/category.php
CODE: $data['products'][] = array(
LINE: 227

FILE: catalog/controller/product/manufacturer.php
CODE: $data['products'][] = array(
LINE: 218

FILE: catalog/controller/product/product.php
CODE: $data['products'][] = array(
LINE: 442

FILE: catalog/controller/product/search.php
CODE: $data['products'][] = array(
LINE: 255

FILE: catalog/controller/product/special.php
CODE: $data['products'][] = array(
LINE: 145
CODE: 'href'        => $this->url->link('product/product', 'product_id=' . $result['product_id'])
LINE: 92
CODE: 'href'        => $this->url->link('product/product', 'product_id=' . $result['product_id'])
LINE: 99
CODE: 'href'        => $this->url->link('product/product', 'product_id=' . $result['product_id'])
LINE: 99
CODE: 'href'        => $this->url->link('product/product', 'product_id=' . $result['product_id'])
LINE: 455
CODE: 'href'        => $this->url->link('product/product', 'product_id=' . $result['product_id'] . $url)
LINE: 269
CODE: 'href'        => $this->url->link('product/product', 'product_id=' . $result['product_id'] . $url)
LINE: 159
CODE: 'href'        => $this->url->link('product/product', 'manufacturer_id=' . $result['manufacturer_id'] . '&product_id=' . $result['product_id'] . $url)
LINE: 232
CODE: 'href'        => $this->url->link('product/product', 'path=' . $this->request->get['path'] . '&product_id=' . $result['product_id'] . $url)
LINE: 241

FILE: catalog/language/en-gb/extension/module/featured.php
CODE: $_['text_tax']
LINE: 9

FILE: catalog/language/en-gb/extension/module/special.php
CODE: $_['text_tax']
LINE: 9

FILE: catalog/language/en-gb/extension/module/bestseller.php
CODE: $_['text_tax']
LINE: 9

FILE: catalog/language/en-gb/extension/module/latest.php
CODE: $_['text_tax']
LINE: 9

FILE: catalog/language/en-gb/product/category.php
CODE: $_['text_tax']
LINE: 15

FILE: catalog/language/en-gb/product/manufacturer.php
CODE: $_['text_tax']
LINE: 18

FILE: catalog/language/en-gb/product/product.php
CODE: $_['text_tax']
LINE: 14

FILE: catalog/language/en-gb/product/search.php
CODE: $_['text_tax']
LINE: 20

FILE: catalog/language/en-gb/product/special.php
CODE: $_['text_tax']
LINE: 15

FILE: catalog/language/ru-ru/extension/module/featured.php
CODE: $_['text_tax']
LINE: 9

FILE: catalog/language/ru-ru/extension/module/special.php
CODE: $_['text_tax']
LINE: 9

FILE: catalog/language/ru-ru/extension/module/bestseller.php
CODE: $_['text_tax']
LINE: 9

FILE: catalog/language/ru-ru/extension/module/latest.php
CODE: $_['text_tax']
LINE: 9

FILE: catalog/language/ru-ru/product/category.php
CODE: $_['text_tax']
LINE: 15

FILE: catalog/language/ru-ru/product/manufacturer.php
CODE: $_['text_tax']
LINE: 18

FILE: catalog/language/ru-ru/product/product.php
CODE: $_['text_tax']
LINE: 14

FILE: catalog/language/ru-ru/product/search.php
CODE: $_['text_tax']
LINE: 20

FILE: catalog/language/ru-ru/product/special.php
CODE: $_['text_tax']
LINE: 15
----------------------------------------------------------------
MOD: JETIMPEX Blog Catalog

FILE: catalog/controller/common/footer.php
CODE: $data['powered']
LINE: 43

FILE: catalog/controller/startup/seo_url.php
CODE: $query->row['query'] && $url[0] != 'information_id' && $url[0] != 'manufacturer_id' && $url[0] != 'category_id' && $url[0] != 'product_id'
LINE: 43
CODE: $this->request->get['route'] = 'error/not_found';
LINE: 47
CODE: if ($url[0] == 'category_id') {
LINE: 42
CODE: $this->request->get['route'] = 'information/information';
LINE: 81
CODE: } elseif ($key == 'path') {
LINE: 123

FILE: catalog/language/en-gb/common/footer.php
CODE: $_['text_powered']
LINE: 19

FILE: catalog/language/de-DE/common/footer.php
CODE: $_['text_powered']
LINE: 27

FILE: catalog/language/ru-ru/common/footer.php
CODE: $_['text_powered']
LINE: 19

FILE: admin/controller/common/column_left.php
CODE: $this->load->model('sale/order');
LINE: 717

FILE: admin/language/en-gb/common/column_left.php
CODE: $_['text_
LINE: 10

FILE: admin/language/de-DE/common/column_left.php
CODE: $_['text_
LINE: 18

FILE: admin/language/ru-ru/common/column_left.php
CODE: $_['text_
LINE: 10
----------------------------------------------------------------
MOD: JETIMPEX Description to banners

FILE: admin/model/design/banner.php
CODE: $this->db->query("INSERT INTO " . DB_PREFIX . "banner_image SET banner_id = '" . (int)$banner_id . "', language_id = '" . (int)$language_id . "', title = '" .  $this->db->escape($banner_image['title']) . "', link = '" .  $this->db->escape($banner_image['link']) . "', image = '" .  $this->db->escape($banner_image['image']) . "', sort_order = '" .  (int)$banner_image['sort_order'] . "'");
LINE: 10
CODE: $this->db->query("INSERT INTO " . DB_PREFIX . "banner_image SET banner_id = '" . (int)$banner_id . "', language_id = '" . (int)$language_id . "', title = '" .  $this->db->escape($banner_image['title']) . "', link = '" .  $this->db->escape($banner_image['link']) . "', image = '" .  $this->db->escape($banner_image['image']) . "', sort_order = '" . (int)$banner_image['sort_order'] . "'");
LINE: 28
CODE: 'title'      => $banner_image['title'],
LINE: 94

FILE: admin/controller/design/banner.php
CODE: 'title'      => $banner_image['title'],
LINE: 354
CODE: $data['entry_
NOT FOUND - OPERATIONS ABORTED!

FILE: admin/view/template/design/banner_form.twig
CODE: <td class="text-left">{{ entry_title }}</td>
LINE: 66
CODE: <td class="text-left" style="width: 30%;"><input type="text" name="banner_image[{{ language.language_id }}][{{ image_row }}][link]" value="{{ banner_image.link }}" placeholder="{{ entry_link }}" class="form-control" /></td>
LINE: 88
CODE: html += '  <td class="text-left" style="width: 30%;"><input type="text" name="banner_image[' + language_id + '][' + image_row + '][link]
LINE: 123

FILE: admin/language/en-gb/design/banner.php
CODE: $_['entry_
LINE: 20

FILE: admin/language/de-DE/design/banner.php
CODE: $_['entry_
LINE: 28

FILE: admin/language/ru-ru/design/banner.php
CODE: $_['entry_
LINE: 20

FILE: catalog/controller/extension/module/banner.php
CODE: 'title' => $result['title'],
LINE: 22
----------------------------------------------------------------
MOD: JETIMPEX Footer
CODE: $data['newsletter'] = $this->url->link('account/newsletter', '', true);
LINE: 37
CODE: $_['text_powered']
LINE: 21
----------------------------------------------------------------
MOD: JETIMPEX GTMetrix
CODE: $data['thumb'] = $this->model_tool_image->resize($category_info['image']
LINE: 111
CODE: $data['categories'][] = array(
LINE: 150
CODE: 'name' => $result['name'] . ($this->config->get('config_product_count') ? ' (' . $this->model_catalog_product->getTotalProducts($filter_data) . ')' : ''),
LINE: 154
----------------------------------------------------------------
MOD: JETIMPEX Header

FILE: catalog/controller/common/header.php
CODE: $this->load->language('common/header');
LINE: 48
CODE: $data['telephone'] = $this->config->get('config_telephone');
LINE: 77
CODE: $this->load->language('common/header');
LINE: 51

FILE: catalog/language/en-gb/common/header.php
CODE: $_['text_
LINE: 5

FILE: catalog/language/ru-ru/common/header.php
CODE: $_['text_
LINE: 5
----------------------------------------------------------------
MOD: JETIMPEX Header Cart

FILE: catalog/controller/common/cart.php
CODE: = sprintf($this->language->get('text_items'),
LINE: 52

FILE: catalog/controller/checkout/cart.php
CODE: = sprintf($this->language->get('text_items'),
LINE: 375
LINE: 477

FILE: catalog/language/en-gb/common/cart.php
CODE: $_['text_items']
LINE: 10

FILE: catalog/language/en-gb/checkout/cart.php
CODE: $_['text_items']
LINE: 16

FILE: catalog/language/ru-ru/common/cart.php
CODE: $_['text_recurring']
LINE: 14

FILE: catalog/language/ru-ru/checkout/cart.php
CODE: $_['text_recurring']
LINE: 27

FILE: catalog/language/de-DE/common/cart.php
CODE: $_['text_recurring']
LINE: 22

FILE: catalog/language/de-DE/checkout/cart.php
CODE: $_['text_recurring']
LINE: 35
----------------------------------------------------------------
MOD: JETIMPEX Installer

FILE: admin/controller/marketplace/install.php
CODE: 'image/catalog/'
LINE: 147
----------------------------------------------------------------
MOD: JETIMPEX Labels
CODE: $data['products'] = array();
LINE: 167
CODE: $special = $this->currency->format
LINE: 199
CODE: $special = false;
LINE: 204
CODE: 'special'     => $special,
LINE: 261
CODE: if ($result['image']) {
LINE: 194
CODE: $data['products'] = array();
LINE: 383
CODE: $special = $this->currency->format
LINE: 404
CODE: $special = false;
LINE: 409
CODE: 'special'     => $special,
LINE: 466
CODE: if ($result['image']) {
LINE: 399
CODE: $data['products'] = array();
LINE: 181
CODE: $special = $this->currency->format
LINE: 217
CODE: $special = false;
LINE: 222
CODE: 'special'     => $special,
LINE: 279
CODE: if ($result['image']) {
LINE: 212
CODE: $data['products'] = array();
LINE: 77
CODE: $special = $this->currency->format
LINE: 107
CODE: $special = false;
LINE: 112
CODE: 'special'     => $special,
LINE: 169
CODE: if ($result['image']) {
LINE: 102
CODE: $data['products'] = array();
LINE: 20
CODE: $special = $this->currency->format
LINE: 49
CODE: $special = false;
LINE: 54
CODE: 'special'     => $special,
LINE: 111
CODE: if ($result['image']) {
LINE: 44
CODE: $data['products'] = array();
LINE: 20
CODE: $special = $this->currency->format
LINE: 49
CODE: $special = false;
LINE: 54
CODE: 'special'     => $special,
LINE: 111
CODE: if ($result['image']) {
LINE: 44
CODE: $data['products'] = array();
LINE: 20
CODE: $special = $this->currency->format
LINE: 42
CODE: $special = false;
LINE: 47
CODE: 'special'     => $special,
LINE: 104
CODE: if ($result['image']) {
LINE: 37
CODE: $data['products'] = array();
LINE: 17
CODE: $special = $this->currency->format
LINE: 46
CODE: $special = false;
LINE: 51
CODE: 'special'     => $special,
LINE: 108
CODE: $products = array_slice($setting['product'], 0, (int)$setting['limit']);
LINE: 29
CODE: $product_info = $this->model_catalog_product->getProduct($product_id);
LINE: 43
CODE: $data['products'] = array();
LINE: 148
CODE: $special = $this->currency->format
LINE: 179
CODE: $special = false;
LINE: 184
CODE: 'special'     => $special,
LINE: 241
CODE: if ($result['image']) {
LINE: 174
CODE: $_['text_
LINE: 6
CODE: $_['text_
LINE: 9
CODE: $_['text_
LINE: 6
CODE: $_['text_
LINE: 10
CODE: $_['text_
LINE: 9
CODE: $_['text_
LINE: 10
CODE: $_['text_
LINE: 10
CODE: $_['text_
LINE: 10
CODE: $_['text_
LINE: 10
CODE: $_['text_
LINE: 6
CODE: $_['text_
LINE: 9
CODE: $_['text_
LINE: 6
CODE: $_['text_
LINE: 10
CODE: $_['text_
LINE: 9
CODE: $_['text_
LINE: 10
CODE: $_['text_
LINE: 10
CODE: $_['text_
LINE: 10
CODE: $_['text_
LINE: 10
----------------------------------------------------------------
MOD: JETIMPEX Lazy load
CODE: 'thumb'       => $image,
LINE: 120
CODE: 'thumb'       => $image,
LINE: 111
CODE: 'thumb'       => $image,
LINE: 118
CODE: 'thumb'       => $image,
LINE: 118
CODE: 'thumb'       => $image,
LINE: 268
CODE: 'thumb'       => $image,
LINE: 248
CODE: 'thumb'       => $image,
LINE: 473
CODE: 'thumb'       => $image,
LINE: 286
CODE: 'thumb'       => $image,
LINE: 176
----------------------------------------------------------------
MOD: JETIMPEX Live search
CODE: class ControllerProductSearch extends Controller {
LINE: 33

FILE: catalog/model/catalog/product.php
CODE: public function getProduct($product_id) {
LINE: 31
----------------------------------------------------------------
MOD: JETIMPEX NewsLetter

FILE: admin/controller/marketing/contact.php
CODE: $this->load->model('sale/order');
LINE: 80
CODE: $results = $this->model_customer_customer->getCustomers($customer_data);
LINE: 108
LINE: 128
LINE: 149

FILE: catalog/controller/account/register.php
CODE: $this->load->model('account/customer');
LINE: 21
CODE: $this->customer->login($this->request->post['email'], $this->request->post['password']);
LINE: 32
----------------------------------------------------------------
MOD: JETIMPEX Page Direction
CODE: $data['name']
LINE: 40
----------------------------------------------------------------
MOD: JETIMPEX Pages

FILE: catalog/language/en-gb/information/sitemap.php
CODE: $_['text_contact']
LINE: 20

FILE: catalog/controller/product/compare.php
CODE: $json['success'] = sprintf($this->language->get('text_success'), $this->url->link('product/product', 'product_id=' . $this->request->post['product_id']), $product_info['name'], $this->url->link('product/compare'));
LINE: 167
CODE: $this->session->data['compare'][] = $this->request->post['product_id'];
LINE: 168

FILE: catalog/language/en-gb/product/compare.php
CODE: $_['text_reviews']
LINE: 17
CODE: $_['text_summary']
LINE: 22

FILE: catalog/language/ru-ru/product/compare.php
CODE: $_['text_reviews']
LINE: 17
CODE: $_['text_summary']
LINE: 22

FILE: system/library/pagination.php
CODE: public $num_links = 8;
LINE: 16

FILE: catalog/controller/information/contact.php
CODE: $data['footer']
LINE: 141
LINE: 199

FILE: catalog/controller/information/information.php
CODE: $data['footer']
LINE: 46
LINE: 74

FILE: catalog/controller/information/sitemap.php
CODE: $data['footer']
LINE: 88
----------------------------------------------------------------
MOD: JETIMPEX Positions
CODE: $this->document->getScripts
LINE: 37
CODE: $this->document->getScripts
LINE: 84

FILE: catalog/controller/common/home.php
CODE: $data['content_bottom']
LINE: 18

FILE: admin/view/template/design/layout_form.twig
CODE: <div class="row">
LINE: 321
CODE: </fieldset>
LINE: 1003
CODE: $('#module-column-left, #module-column-right, #module-content-top, #module-content-bottom').delegate('select[name*=\'code\']', 'change', function() {
LINE: 1063
CODE: $('#module-column-left, #module-column-right, #module-content-top, #module-content-bottom').trigger('change');
LINE: 1073

FILE: admin/language/en-gb/design/layout.php
CODE: $_['text_content_top']
LINE: 23
----------------------------------------------------------------
MOD: JETIMPEX Product

FILE: system/library/document.php
CODE: private $scripts = array();
LINE: 32
CODE: $data['scripts'] = $this->document->getScripts();
NOT FOUND - OPERATIONS ABORTED!
CODE: $data['description'] = html_entity_decode($product_info['description'], ENT_QUOTES, 'UTF-8');
LINE: 242
CODE: $data['popup'] = $this->model_tool_image->resize
LINE: 278
CODE: $data['points'] = $product_info['points'];
LINE: 244
CODE: $data['images'] = array();
LINE: 308
CODE: 'thumb' => $this->model_tool_image->resize($result['image'], $this->config->get('theme_' . $this->config->get('config_theme') . '_image_additional_width'), $this->config->get('theme_' . $this->config->get('config_theme') . '_image_additional_height'))
LINE: 315
CODE: $data['breadcrumbs'] = array();
LINE: 12
CODE: $this->document->addScript('catalog/view/javascript/jquery/magnific/jquery.magnific-popup.min.js');
LINE: 225
CODE: $this->document->addStyle('catalog/view/javascript/jquery/magnific/magnific-popup.css');
LINE: 226
CODE: $this->document->addScript('catalog/view/javascript/jquery/datetimepicker/moment.js');
NOT FOUND - OPERATIONS ABORTED!
CODE: $_['tab_review']
LINE: 55
CODE: $_['tab_review']
LINE: 55
CODE: public function index() {
LINE: 11
----------------------------------------------------------------
MOD: JETIMPEX Product Hover
CODE: 'thumb'       => $image,
LINE: 110
CODE: 'thumb'       => $image,
LINE: 119
CODE: 'thumb'       => $image,
LINE: 117
CODE: 'thumb'       => $image,
LINE: 117
CODE: 'thumb'       => $image,
LINE: 267
CODE: 'thumb'       => $image,
LINE: 247
CODE: 'thumb'       => $image,
LINE: 529
CODE: 'thumb'       => $image,
LINE: 317
CODE: 'thumb'       => $image,
LINE: 175
CODE: if ($this->customer->isLogged() || !$this->config->get('config_customer_price')) {
LINE: 60
CODE: if ($this->customer->isLogged() || !$this->config->get('config_customer_price')) {
LINE: 51
CODE: if ($this->customer->isLogged() || !$this->config->get('config_customer_price')) {
LINE: 58
CODE: if ($this->customer->isLogged() || !$this->config->get('config_customer_price')) {
LINE: 58
CODE: if ($this->customer->isLogged() || !$this->config->get('config_customer_price')) {
LINE: 208
CODE: if ($this->customer->isLogged() || !$this->config->get('config_customer_price')) {
LINE: 188
CODE: if ($this->customer->isLogged() || !$this->config->get('config_customer_price')) {
LINE: 258
CODE: if ($this->customer->isLogged() || !$this->config->get('config_customer_price')) {
LINE: 116
CODE: if ($this->customer->isLogged() || !$this->config->get('config_customer_price')) {
LINE: 470
----------------------------------------------------------------
MOD: JETIMPEX Product Zoom
CODE: public function index() {
LINE: 7
----------------------------------------------------------------
MOD: JETIMPEX QuickView
CODE: $_['text_
LINE: 5
CODE: $_['text_
LINE: 8
CODE: $_['text_
LINE: 9
CODE: $_['text_
LINE: 8
CODE: $_['text_
LINE: 5
CODE: $_['text_
LINE: 9
CODE: $_['text_
LINE: 9
CODE: $_['text_
LINE: 9
CODE: $_['text_
LINE: 9
CODE: $_['text_
LINE: 5
CODE: $_['text_
LINE: 8
CODE: $_['text_
LINE: 9
CODE: $_['text_
LINE: 8
CODE: $_['text_
LINE: 5
CODE: $_['text_
LINE: 9
CODE: $_['text_
LINE: 9
CODE: $_['text_
LINE: 9
CODE: $_['text_
LINE: 9
----------------------------------------------------------------
MOD: JETIMPEX Responsive
CODE: $data['name']
LINE: 47
----------------------------------------------------------------
MOD: JETIMPEX Theme Path
CODE: $this->load->language('common/
LINE: 58
CODE: $this->load->language('common/
LINE: 6
----------------------------------------------------------------
2022-09-18 18:50:13 - MOD: Modification Default

FILE: system/engine/action.php
REGEX: ~(require|include)(_once)?\(([^)]+)~
LINE: 69

FILE: system/engine/loader.php
REGEX: ~(require|include)(_once)?\(([^)]+)~
LINE: 77
LINE: 151
LINE: 168

FILE: system/library/config.php
REGEX: ~(require|include)(_once)?\(([^)]+)~
LINE: 59

FILE: system/library/language.php
REGEX: ~(require|include)(_once)?\(([^)]+)~
LINE: 67
LINE: 73

FILE: system/library/template/template.php
REGEX: ~(require|include)(_once)?\(([^)]+)~
LINE: 18

FILE: system/library/template/twig.php
CODE: $loader = new \Twig_Loader_Filesystem(DIR_TEMPLATE);
LINE: 19
----------------------------------------------------------------
MOD: JETIMPEX Ajax add to cart 

FILE: catalog/controller/extension/module/special.php
CODE: public function index($setting) {
LINE: 5
CODE: return $this->load->view('extension/module/
LINE: 71

FILE: catalog/controller/extension/module/bestseller.php
CODE: public function index($setting) {
LINE: 5
CODE: return $this->load->view('extension/module/
LINE: 64

FILE: catalog/controller/extension/module/latest.php
CODE: public function index($setting) {
LINE: 5
CODE: return $this->load->view('extension/module/
LINE: 71

FILE: catalog/controller/extension/module/featured.php
CODE: public function index($setting) {
LINE: 5
CODE: return $this->load->view('extension/module/
LINE: 74
CODE: $data['products'][] = array(
LINE: 87
CODE: 'href'        => $this->url->link('product/product', 'product_id=' . $product_info['product_id'])
LINE: 100
CODE: $data['products'][] = array(
LINE: 87
CODE: $data['products'][] = array(
LINE: 80
CODE: $data['products'][] = array(
LINE: 87

FILE: catalog/controller/product/category.php
CODE: $data['products'][] = array(
LINE: 227

FILE: catalog/controller/product/manufacturer.php
CODE: $data['products'][] = array(
LINE: 218

FILE: catalog/controller/product/product.php
CODE: $data['products'][] = array(
LINE: 442

FILE: catalog/controller/product/search.php
CODE: $data['products'][] = array(
LINE: 255

FILE: catalog/controller/product/special.php
CODE: $data['products'][] = array(
LINE: 145
CODE: 'href'        => $this->url->link('product/product', 'product_id=' . $result['product_id'])
LINE: 92
CODE: 'href'        => $this->url->link('product/product', 'product_id=' . $result['product_id'])
LINE: 99
CODE: 'href'        => $this->url->link('product/product', 'product_id=' . $result['product_id'])
LINE: 99
CODE: 'href'        => $this->url->link('product/product', 'product_id=' . $result['product_id'])
LINE: 455
CODE: 'href'        => $this->url->link('product/product', 'product_id=' . $result['product_id'] . $url)
LINE: 269
CODE: 'href'        => $this->url->link('product/product', 'product_id=' . $result['product_id'] . $url)
LINE: 159
CODE: 'href'        => $this->url->link('product/product', 'manufacturer_id=' . $result['manufacturer_id'] . '&product_id=' . $result['product_id'] . $url)
LINE: 232
CODE: 'href'        => $this->url->link('product/product', 'path=' . $this->request->get['path'] . '&product_id=' . $result['product_id'] . $url)
LINE: 241

FILE: catalog/language/en-gb/extension/module/featured.php
CODE: $_['text_tax']
LINE: 9

FILE: catalog/language/en-gb/extension/module/special.php
CODE: $_['text_tax']
LINE: 9

FILE: catalog/language/en-gb/extension/module/bestseller.php
CODE: $_['text_tax']
LINE: 9

FILE: catalog/language/en-gb/extension/module/latest.php
CODE: $_['text_tax']
LINE: 9

FILE: catalog/language/en-gb/product/category.php
CODE: $_['text_tax']
LINE: 15

FILE: catalog/language/en-gb/product/manufacturer.php
CODE: $_['text_tax']
LINE: 18

FILE: catalog/language/en-gb/product/product.php
CODE: $_['text_tax']
LINE: 14

FILE: catalog/language/en-gb/product/search.php
CODE: $_['text_tax']
LINE: 20

FILE: catalog/language/en-gb/product/special.php
CODE: $_['text_tax']
LINE: 15

FILE: catalog/language/ru-ru/extension/module/featured.php
CODE: $_['text_tax']
LINE: 9

FILE: catalog/language/ru-ru/extension/module/special.php
CODE: $_['text_tax']
LINE: 9

FILE: catalog/language/ru-ru/extension/module/bestseller.php
CODE: $_['text_tax']
LINE: 9

FILE: catalog/language/ru-ru/extension/module/latest.php
CODE: $_['text_tax']
LINE: 9

FILE: catalog/language/ru-ru/product/category.php
CODE: $_['text_tax']
LINE: 15

FILE: catalog/language/ru-ru/product/manufacturer.php
CODE: $_['text_tax']
LINE: 18

FILE: catalog/language/ru-ru/product/product.php
CODE: $_['text_tax']
LINE: 14

FILE: catalog/language/ru-ru/product/search.php
CODE: $_['text_tax']
LINE: 20

FILE: catalog/language/ru-ru/product/special.php
CODE: $_['text_tax']
LINE: 15
----------------------------------------------------------------
MOD: JETIMPEX Blog Catalog

FILE: catalog/controller/common/footer.php
CODE: $data['powered']
LINE: 43

FILE: catalog/controller/startup/seo_url.php
CODE: $query->row['query'] && $url[0] != 'information_id' && $url[0] != 'manufacturer_id' && $url[0] != 'category_id' && $url[0] != 'product_id'
LINE: 43
CODE: $this->request->get['route'] = 'error/not_found';
LINE: 47
CODE: if ($url[0] == 'category_id') {
LINE: 42
CODE: $this->request->get['route'] = 'information/information';
LINE: 81
CODE: } elseif ($key == 'path') {
LINE: 123

FILE: catalog/language/en-gb/common/footer.php
CODE: $_['text_powered']
LINE: 19

FILE: catalog/language/de-DE/common/footer.php
CODE: $_['text_powered']
LINE: 27

FILE: catalog/language/ru-ru/common/footer.php
CODE: $_['text_powered']
LINE: 19

FILE: admin/controller/common/column_left.php
CODE: $this->load->model('sale/order');
LINE: 717

FILE: admin/language/en-gb/common/column_left.php
CODE: $_['text_
LINE: 10

FILE: admin/language/de-DE/common/column_left.php
CODE: $_['text_
LINE: 18

FILE: admin/language/ru-ru/common/column_left.php
CODE: $_['text_
LINE: 10
----------------------------------------------------------------
MOD: JETIMPEX Description to banners

FILE: admin/model/design/banner.php
CODE: $this->db->query("INSERT INTO " . DB_PREFIX . "banner_image SET banner_id = '" . (int)$banner_id . "', language_id = '" . (int)$language_id . "', title = '" .  $this->db->escape($banner_image['title']) . "', link = '" .  $this->db->escape($banner_image['link']) . "', image = '" .  $this->db->escape($banner_image['image']) . "', sort_order = '" .  (int)$banner_image['sort_order'] . "'");
LINE: 10
CODE: $this->db->query("INSERT INTO " . DB_PREFIX . "banner_image SET banner_id = '" . (int)$banner_id . "', language_id = '" . (int)$language_id . "', title = '" .  $this->db->escape($banner_image['title']) . "', link = '" .  $this->db->escape($banner_image['link']) . "', image = '" .  $this->db->escape($banner_image['image']) . "', sort_order = '" . (int)$banner_image['sort_order'] . "'");
LINE: 28
CODE: 'title'      => $banner_image['title'],
LINE: 94

FILE: admin/controller/design/banner.php
CODE: 'title'      => $banner_image['title'],
LINE: 354
CODE: $data['entry_
NOT FOUND - OPERATIONS ABORTED!

FILE: admin/view/template/design/banner_form.twig
CODE: <td class="text-left">{{ entry_title }}</td>
LINE: 66
CODE: <td class="text-left" style="width: 30%;"><input type="text" name="banner_image[{{ language.language_id }}][{{ image_row }}][link]" value="{{ banner_image.link }}" placeholder="{{ entry_link }}" class="form-control" /></td>
LINE: 88
CODE: html += '  <td class="text-left" style="width: 30%;"><input type="text" name="banner_image[' + language_id + '][' + image_row + '][link]
LINE: 123

FILE: admin/language/en-gb/design/banner.php
CODE: $_['entry_
LINE: 20

FILE: admin/language/de-DE/design/banner.php
CODE: $_['entry_
LINE: 28

FILE: admin/language/ru-ru/design/banner.php
CODE: $_['entry_
LINE: 20

FILE: catalog/controller/extension/module/banner.php
CODE: 'title' => $result['title'],
LINE: 22
----------------------------------------------------------------
MOD: JETIMPEX Footer
CODE: $data['newsletter'] = $this->url->link('account/newsletter', '', true);
LINE: 37
CODE: $_['text_powered']
LINE: 21
----------------------------------------------------------------
MOD: JETIMPEX GTMetrix
CODE: $data['thumb'] = $this->model_tool_image->resize($category_info['image']
LINE: 111
CODE: $data['categories'][] = array(
LINE: 150
CODE: 'name' => $result['name'] . ($this->config->get('config_product_count') ? ' (' . $this->model_catalog_product->getTotalProducts($filter_data) . ')' : ''),
LINE: 154
----------------------------------------------------------------
MOD: JETIMPEX Header

FILE: catalog/controller/common/header.php
CODE: $this->load->language('common/header');
LINE: 48
CODE: $data['telephone'] = $this->config->get('config_telephone');
LINE: 77
CODE: $this->load->language('common/header');
LINE: 51

FILE: catalog/language/en-gb/common/header.php
CODE: $_['text_
LINE: 5

FILE: catalog/language/ru-ru/common/header.php
CODE: $_['text_
LINE: 5
----------------------------------------------------------------
MOD: JETIMPEX Header Cart

FILE: catalog/controller/common/cart.php
CODE: = sprintf($this->language->get('text_items'),
LINE: 52

FILE: catalog/controller/checkout/cart.php
CODE: = sprintf($this->language->get('text_items'),
LINE: 375
LINE: 477

FILE: catalog/language/en-gb/common/cart.php
CODE: $_['text_items']
LINE: 10

FILE: catalog/language/en-gb/checkout/cart.php
CODE: $_['text_items']
LINE: 16

FILE: catalog/language/ru-ru/common/cart.php
CODE: $_['text_recurring']
LINE: 14

FILE: catalog/language/ru-ru/checkout/cart.php
CODE: $_['text_recurring']
LINE: 27

FILE: catalog/language/de-DE/common/cart.php
CODE: $_['text_recurring']
LINE: 22

FILE: catalog/language/de-DE/checkout/cart.php
CODE: $_['text_recurring']
LINE: 35
----------------------------------------------------------------
MOD: JETIMPEX Installer

FILE: admin/controller/marketplace/install.php
CODE: 'image/catalog/'
LINE: 147
----------------------------------------------------------------
MOD: JETIMPEX Labels
CODE: $data['products'] = array();
LINE: 167
CODE: $special = $this->currency->format
LINE: 199
CODE: $special = false;
LINE: 204
CODE: 'special'     => $special,
LINE: 261
CODE: if ($result['image']) {
LINE: 194
CODE: $data['products'] = array();
LINE: 383
CODE: $special = $this->currency->format
LINE: 404
CODE: $special = false;
LINE: 409
CODE: 'special'     => $special,
LINE: 466
CODE: if ($result['image']) {
LINE: 399
CODE: $data['products'] = array();
LINE: 181
CODE: $special = $this->currency->format
LINE: 217
CODE: $special = false;
LINE: 222
CODE: 'special'     => $special,
LINE: 279
CODE: if ($result['image']) {
LINE: 212
CODE: $data['products'] = array();
LINE: 77
CODE: $special = $this->currency->format
LINE: 107
CODE: $special = false;
LINE: 112
CODE: 'special'     => $special,
LINE: 169
CODE: if ($result['image']) {
LINE: 102
CODE: $data['products'] = array();
LINE: 20
CODE: $special = $this->currency->format
LINE: 49
CODE: $special = false;
LINE: 54
CODE: 'special'     => $special,
LINE: 111
CODE: if ($result['image']) {
LINE: 44
CODE: $data['products'] = array();
LINE: 20
CODE: $special = $this->currency->format
LINE: 49
CODE: $special = false;
LINE: 54
CODE: 'special'     => $special,
LINE: 111
CODE: if ($result['image']) {
LINE: 44
CODE: $data['products'] = array();
LINE: 20
CODE: $special = $this->currency->format
LINE: 42
CODE: $special = false;
LINE: 47
CODE: 'special'     => $special,
LINE: 104
CODE: if ($result['image']) {
LINE: 37
CODE: $data['products'] = array();
LINE: 17
CODE: $special = $this->currency->format
LINE: 46
CODE: $special = false;
LINE: 51
CODE: 'special'     => $special,
LINE: 108
CODE: $products = array_slice($setting['product'], 0, (int)$setting['limit']);
LINE: 29
CODE: $product_info = $this->model_catalog_product->getProduct($product_id);
LINE: 43
CODE: $data['products'] = array();
LINE: 148
CODE: $special = $this->currency->format
LINE: 179
CODE: $special = false;
LINE: 184
CODE: 'special'     => $special,
LINE: 241
CODE: if ($result['image']) {
LINE: 174
CODE: $_['text_
LINE: 6
CODE: $_['text_
LINE: 9
CODE: $_['text_
LINE: 6
CODE: $_['text_
LINE: 10
CODE: $_['text_
LINE: 9
CODE: $_['text_
LINE: 10
CODE: $_['text_
LINE: 10
CODE: $_['text_
LINE: 10
CODE: $_['text_
LINE: 10
CODE: $_['text_
LINE: 6
CODE: $_['text_
LINE: 9
CODE: $_['text_
LINE: 6
CODE: $_['text_
LINE: 10
CODE: $_['text_
LINE: 9
CODE: $_['text_
LINE: 10
CODE: $_['text_
LINE: 10
CODE: $_['text_
LINE: 10
CODE: $_['text_
LINE: 10
----------------------------------------------------------------
MOD: JETIMPEX Lazy load
CODE: 'thumb'       => $image,
LINE: 120
CODE: 'thumb'       => $image,
LINE: 111
CODE: 'thumb'       => $image,
LINE: 118
CODE: 'thumb'       => $image,
LINE: 118
CODE: 'thumb'       => $image,
LINE: 268
CODE: 'thumb'       => $image,
LINE: 248
CODE: 'thumb'       => $image,
LINE: 473
CODE: 'thumb'       => $image,
LINE: 286
CODE: 'thumb'       => $image,
LINE: 176
----------------------------------------------------------------
MOD: JETIMPEX Live search
CODE: class ControllerProductSearch extends Controller {
LINE: 33

FILE: catalog/model/catalog/product.php
CODE: public function getProduct($product_id) {
LINE: 31
----------------------------------------------------------------
MOD: JETIMPEX NewsLetter

FILE: admin/controller/marketing/contact.php
CODE: $this->load->model('sale/order');
LINE: 80
CODE: $results = $this->model_customer_customer->getCustomers($customer_data);
LINE: 108
LINE: 128
LINE: 149

FILE: catalog/controller/account/register.php
CODE: $this->load->model('account/customer');
LINE: 21
CODE: $this->customer->login($this->request->post['email'], $this->request->post['password']);
LINE: 32
----------------------------------------------------------------
MOD: JETIMPEX Page Direction
CODE: $data['name']
LINE: 40
----------------------------------------------------------------
MOD: JETIMPEX Pages

FILE: catalog/language/en-gb/information/sitemap.php
CODE: $_['text_contact']
LINE: 20

FILE: catalog/controller/product/compare.php
CODE: $json['success'] = sprintf($this->language->get('text_success'), $this->url->link('product/product', 'product_id=' . $this->request->post['product_id']), $product_info['name'], $this->url->link('product/compare'));
LINE: 167
CODE: $this->session->data['compare'][] = $this->request->post['product_id'];
LINE: 168

FILE: catalog/language/en-gb/product/compare.php
CODE: $_['text_reviews']
LINE: 17
CODE: $_['text_summary']
LINE: 22

FILE: catalog/language/ru-ru/product/compare.php
CODE: $_['text_reviews']
LINE: 17
CODE: $_['text_summary']
LINE: 22

FILE: system/library/pagination.php
CODE: public $num_links = 8;
LINE: 16

FILE: catalog/controller/information/contact.php
CODE: $data['footer']
LINE: 141
LINE: 199

FILE: catalog/controller/information/information.php
CODE: $data['footer']
LINE: 46
LINE: 74

FILE: catalog/controller/information/sitemap.php
CODE: $data['footer']
LINE: 88
----------------------------------------------------------------
MOD: JETIMPEX Positions
CODE: $this->document->getScripts
LINE: 37
CODE: $this->document->getScripts
LINE: 84

FILE: catalog/controller/common/home.php
CODE: $data['content_bottom']
LINE: 18

FILE: admin/view/template/design/layout_form.twig
CODE: <div class="row">
LINE: 321
CODE: </fieldset>
LINE: 1003
CODE: $('#module-column-left, #module-column-right, #module-content-top, #module-content-bottom').delegate('select[name*=\'code\']', 'change', function() {
LINE: 1063
CODE: $('#module-column-left, #module-column-right, #module-content-top, #module-content-bottom').trigger('change');
LINE: 1073

FILE: admin/language/en-gb/design/layout.php
CODE: $_['text_content_top']
LINE: 23
----------------------------------------------------------------
MOD: JETIMPEX Product

FILE: system/library/document.php
CODE: private $scripts = array();
LINE: 32
CODE: $data['scripts'] = $this->document->getScripts();
NOT FOUND - OPERATIONS ABORTED!
CODE: $data['description'] = html_entity_decode($product_info['description'], ENT_QUOTES, 'UTF-8');
LINE: 242
CODE: $data['popup'] = $this->model_tool_image->resize
LINE: 278
CODE: $data['points'] = $product_info['points'];
LINE: 244
CODE: $data['images'] = array();
LINE: 308
CODE: 'thumb' => $this->model_tool_image->resize($result['image'], $this->config->get('theme_' . $this->config->get('config_theme') . '_image_additional_width'), $this->config->get('theme_' . $this->config->get('config_theme') . '_image_additional_height'))
LINE: 315
CODE: $data['breadcrumbs'] = array();
LINE: 12
CODE: $this->document->addScript('catalog/view/javascript/jquery/magnific/jquery.magnific-popup.min.js');
LINE: 225
CODE: $this->document->addStyle('catalog/view/javascript/jquery/magnific/magnific-popup.css');
LINE: 226
CODE: $this->document->addScript('catalog/view/javascript/jquery/datetimepicker/moment.js');
NOT FOUND - OPERATIONS ABORTED!
CODE: $_['tab_review']
LINE: 55
CODE: $_['tab_review']
LINE: 55
CODE: public function index() {
LINE: 11
----------------------------------------------------------------
MOD: JETIMPEX Product Hover
CODE: 'thumb'       => $image,
LINE: 110
CODE: 'thumb'       => $image,
LINE: 119
CODE: 'thumb'       => $image,
LINE: 117
CODE: 'thumb'       => $image,
LINE: 117
CODE: 'thumb'       => $image,
LINE: 267
CODE: 'thumb'       => $image,
LINE: 247
CODE: 'thumb'       => $image,
LINE: 529
CODE: 'thumb'       => $image,
LINE: 317
CODE: 'thumb'       => $image,
LINE: 175
CODE: if ($this->customer->isLogged() || !$this->config->get('config_customer_price')) {
LINE: 60
CODE: if ($this->customer->isLogged() || !$this->config->get('config_customer_price')) {
LINE: 51
CODE: if ($this->customer->isLogged() || !$this->config->get('config_customer_price')) {
LINE: 58
CODE: if ($this->customer->isLogged() || !$this->config->get('config_customer_price')) {
LINE: 58
CODE: if ($this->customer->isLogged() || !$this->config->get('config_customer_price')) {
LINE: 208
CODE: if ($this->customer->isLogged() || !$this->config->get('config_customer_price')) {
LINE: 188
CODE: if ($this->customer->isLogged() || !$this->config->get('config_customer_price')) {
LINE: 258
CODE: if ($this->customer->isLogged() || !$this->config->get('config_customer_price')) {
LINE: 116
CODE: if ($this->customer->isLogged() || !$this->config->get('config_customer_price')) {
LINE: 470
----------------------------------------------------------------
MOD: JETIMPEX Product Zoom
CODE: public function index() {
LINE: 7
----------------------------------------------------------------
MOD: JETIMPEX QuickView
CODE: $_['text_
LINE: 5
CODE: $_['text_
LINE: 8
CODE: $_['text_
LINE: 9
CODE: $_['text_
LINE: 8
CODE: $_['text_
LINE: 5
CODE: $_['text_
LINE: 9
CODE: $_['text_
LINE: 9
CODE: $_['text_
LINE: 9
CODE: $_['text_
LINE: 9
CODE: $_['text_
LINE: 5
CODE: $_['text_
LINE: 8
CODE: $_['text_
LINE: 9
CODE: $_['text_
LINE: 8
CODE: $_['text_
LINE: 5
CODE: $_['text_
LINE: 9
CODE: $_['text_
LINE: 9
CODE: $_['text_
LINE: 9
CODE: $_['text_
LINE: 9
----------------------------------------------------------------
MOD: JETIMPEX Responsive
CODE: $data['name']
LINE: 47
----------------------------------------------------------------
MOD: JETIMPEX Theme Path
CODE: $this->load->language('common/
LINE: 58
CODE: $this->load->language('common/
LINE: 6
----------------------------------------------------------------
